<?xml version="1.0" encoding="UTF-8"?>
<!-- Generated by org.testng.reporters.JUnitReportReporter -->
<testsuite hostname="LAPTOP-UBMQF7FC" failures="0" tests="1" name="com.mohs.scripts.Consultancy" time="12.541" errors="0" timestamp="2022-02-07T22:44:35 IST" skipped="0">
  <testcase classname="com.mohs.scripts.Consultancy" name="ConsultancyTestCase" time="12.541"/>
  <system-out/>
</testsuite> <!-- com.mohs.scripts.Consultancy -->
