<?xml version="1.0" encoding="UTF-8"?>
<!-- Generated by org.testng.reporters.JUnitReportReporter -->
<testsuite hostname="LAPTOP-UBMQF7FC" failures="0" tests="1" name="com.mohs.scripts.Aboutus" time="15.827" errors="0" timestamp="2022-02-07T22:45:16 IST" skipped="0">
  <testcase classname="com.mohs.scripts.Aboutus" name="AboutusTestCase" time="15.827"/>
  <system-out/>
</testsuite> <!-- com.mohs.scripts.Aboutus -->
