<?xml version="1.0" encoding="UTF-8"?>
<!-- Generated by org.testng.reporters.JUnitReportReporter -->
<testsuite skipped="0" hostname="LAPTOP-UBMQF7FC" name="com.gcr.scripts.Login_Logout" tests="1" failures="0" timestamp="2022-01-29T09:33:30 IST" time="19.252" errors="0">
  <testcase name="Login_LogoutTestCase" time="19.252" classname="com.gcr.scripts.Login_Logout"/>
  <system-out/>
</testsuite> <!-- com.gcr.scripts.Login_Logout -->
