<?xml version="1.0" encoding="UTF-8"?>
<!-- Generated by org.testng.reporters.JUnitReportReporter -->
<testsuite skipped="0" hostname="LAPTOP-UBMQF7FC" name="com.gcr.scripts.Login_Logout_Excel" tests="1" failures="0" timestamp="2022-01-29T09:33:30 IST" time="20.033" errors="0">
  <testcase name="Login_Logout_ExcelTestCase" time="20.033" classname="com.gcr.scripts.Login_Logout_Excel"/>
  <system-out/>
</testsuite> <!-- com.gcr.scripts.Login_Logout_Excel -->
